<?xml version="1.0" encoding="UTF-8"?>
<!-- Generated by org.testng.reporters.JUnitReportReporter -->
<testsuite hostname="DESKTOP-KN4MQGD" failures="0" tests="2" name="com.test.SampleTest" time="0.009" errors="0" timestamp="2023-12-11T12:33:56 IST" skipped="0">
  <testcase classname="com.test.SampleTest" name="testCase1" time="0.006"/>
  <system-out/>
  <testcase classname="com.test.SampleTest" name="testCase2" time="0.003"/>
  <system-out/>
</testsuite> <!-- com.test.SampleTest -->
